2023-03-09 20:42:27,943:INFO:Initializing create_model()
2023-03-09 20:42:27,943:INFO:create_model(model=lda, multi_core=False, num_topics=None, verbose=True, system=True)
2023-03-09 20:42:27,943:INFO:Checking exceptions
2023-03-09 20:42:27,943:INFO:Preloading libraries
2023-03-09 20:42:27,943:INFO:Preparing display monitor
2023-03-09 20:43:17,354:INFO:Initializing create_model()
2023-03-09 20:43:17,354:INFO:create_model(model=lda, multi_core=False, num_topics=None, verbose=True, system=True)
2023-03-09 20:43:17,354:INFO:Checking exceptions
2023-03-09 20:43:17,354:INFO:Preloading libraries
2023-03-09 20:43:17,354:INFO:Preparing display monitor
2023-03-09 20:44:24,730:INFO:PyCaret NLP Module
2023-03-09 20:44:24,731:INFO:version 2.2.2
2023-03-09 20:44:24,731:INFO:Initializing setup()
2023-03-09 20:44:24,731:INFO:USI: f565
2023-03-09 20:44:24,731:INFO:setup(data=(6818, 8), target=en, custom_stopwords=None, html=True, session_id=None, log_experiment=False,
                    experiment_name=None, log_plots=False, log_data=False, verbose=True)
2023-03-09 20:44:24,731:INFO:Checking environment
2023-03-09 20:44:24,731:INFO:python_version: 3.9.12
2023-03-09 20:44:24,731:INFO:python_build: ('main', 'Apr  4 2022 05:22:27')
2023-03-09 20:44:24,731:INFO:machine: AMD64
2023-03-09 20:44:24,731:INFO:platform: Windows-10-10.0.22621-SP0
2023-03-09 20:44:24,732:INFO:Memory: svmem(total=16910159872, available=6886793216, percent=59.3, used=10023366656, free=6886793216)
2023-03-09 20:44:24,732:INFO:Physical Core: 6
2023-03-09 20:44:24,732:INFO:Logical Core: 12
2023-03-09 20:44:24,732:INFO:Checking libraries
2023-03-09 20:44:24,732:INFO:pd==1.4.2
2023-03-09 20:44:24,732:INFO:numpy==1.21.5
2023-03-09 20:44:26,831:INFO:gensim==4.1.2
2023-03-09 20:44:26,831:INFO:spacy==3.5.0
2023-03-09 20:44:26,831:INFO:nltk==3.7
2023-03-09 20:44:26,831:INFO:textblob==0.17.1
2023-03-09 20:44:27,178:INFO:pyLDAvis==3.3.1
2023-03-09 20:44:27,514:INFO:wordcloud==1.8.2.2
2023-03-09 20:44:29,142:INFO:mlflow==2.1.1
2023-03-09 20:44:29,143:INFO:Checking Exceptions
2023-03-09 20:44:29,582:INFO:Preloading libraries
2023-03-09 20:44:29,582:INFO:Preparing display monitor
2023-03-09 20:44:29,592:INFO:Importing libraries
2023-03-09 20:44:29,593:INFO:Declaring global variables
2023-03-09 20:44:29,593:INFO:Input provided : dataframe
2023-03-09 20:44:29,593:INFO:session_id set to : 5795
2023-03-09 20:44:29,593:INFO:Copying training dataset
2023-03-09 20:44:29,596:INFO:Importing stopwords from nltk
2023-03-09 20:44:29,600:INFO:No custom stopwords defined
2023-03-09 20:44:29,600:INFO:Removing numeric characters from the text
2023-03-09 20:44:29,747:INFO:Removing special characters from the text
2023-03-09 20:44:30,557:INFO:Tokenizing Words
2023-03-09 20:44:32,404:INFO:Removing stopwords
2023-03-09 20:44:33,626:INFO:Extracting Bigrams
2023-03-09 20:44:35,095:INFO:Extracting Trigrams
2023-03-09 20:44:37,884:INFO:Lemmatizing tokens
2023-03-09 20:45:13,196:INFO:Removing stopwords after lemmatizing
2023-03-09 20:45:13,865:INFO:Creating corpus and dictionary
2023-03-09 20:45:14,415:INFO:Compiling processed text
2023-03-09 20:45:14,429:INFO:Compiling information grid
2023-03-09 20:45:15,839:INFO:setup() succesfully completed......................................
2023-03-09 20:45:15,841:INFO:Initializing create_model()
2023-03-09 20:45:15,841:INFO:create_model(model=lda, multi_core=False, num_topics=None, verbose=True, system=True)
2023-03-09 20:45:15,841:INFO:Checking exceptions
2023-03-09 20:45:15,841:INFO:Preloading libraries
2023-03-09 20:45:15,841:INFO:Preparing display monitor
2023-03-09 20:45:15,852:INFO:Defining topic model
2023-03-09 20:45:15,853:INFO:Model: Latent Dirichlet Allocation
2023-03-09 20:45:15,853:INFO:Defining num_topics parameter
2023-03-09 20:45:15,853:INFO:num_topics set to: 4
2023-03-09 20:45:15,857:INFO:LdaModel imported successfully
2023-03-09 20:45:31,787:INFO:LdaModel trained successfully
2023-03-09 20:45:31,790:INFO:LdaModel(num_terms=12211, num_topics=4, decay=0.5, chunksize=100)
2023-03-09 20:45:31,790:INFO:create_model() succesfully completed......................................
2023-03-09 20:45:31,792:INFO:Initializing plot_model()
2023-03-09 20:45:31,792:INFO:plot_model(model=LdaModel(num_terms=12211, num_topics=4, decay=0.5, chunksize=100), plot=frequency, topic_num=None, save=False, system=True)
2023-03-09 20:45:31,792:INFO:Topic selected. topic_num : Topic 0
2023-03-09 20:45:31,792:INFO:Checking exceptions
2023-03-09 20:45:31,792:INFO:Importing libraries
2023-03-09 20:45:34,774:INFO:save_param set to False
2023-03-09 20:45:34,775:INFO:plot type: frequency
2023-03-09 20:45:34,775:INFO:Rendering Visual
2023-03-09 20:45:34,775:INFO:SubProcess assign_model() called ==================================
2023-03-09 20:45:34,775:INFO:Initializing assign_model()
2023-03-09 20:45:34,775:INFO:assign_model(model=LdaModel(num_terms=12211, num_topics=4, decay=0.5, chunksize=100), verbose=False)
2023-03-09 20:45:34,775:INFO:Determining model type
2023-03-09 20:45:34,775:INFO:model type: lda
2023-03-09 20:45:34,775:INFO:Checking exceptions
2023-03-09 20:45:34,775:INFO:Preloading libraries
2023-03-09 20:45:34,776:INFO:Preparing display monitor
2023-03-09 20:45:37,676:INFO:(6818, 14)
2023-03-09 20:45:37,677:INFO:assign_model() succesfully completed......................................
2023-03-09 20:45:37,678:INFO:SubProcess assign_model() end ==================================
2023-03-09 20:45:37,682:INFO:Fitting CountVectorizer()
2023-03-09 20:45:39,277:INFO:Visual Rendered Successfully
2023-03-09 20:45:39,277:INFO:plot_model() succesfully completed......................................
2023-03-09 20:45:47,619:INFO:Initializing plot_model()
2023-03-09 20:45:47,619:INFO:plot_model(model=LdaModel(num_terms=12211, num_topics=4, decay=0.5, chunksize=100), plot=sentiment, topic_num=None, save=False, system=True)
2023-03-09 20:45:47,619:INFO:Topic selected. topic_num : Topic 0
2023-03-09 20:45:47,619:INFO:Checking exceptions
2023-03-09 20:45:47,619:INFO:Importing libraries
2023-03-09 20:45:47,639:INFO:save_param set to False
2023-03-09 20:45:47,639:INFO:plot type: sentiment
2023-03-09 20:45:47,639:INFO:SubProcess assign_model() called ==================================
2023-03-09 20:45:47,640:INFO:Initializing assign_model()
2023-03-09 20:45:47,640:INFO:assign_model(model=LdaModel(num_terms=12211, num_topics=4, decay=0.5, chunksize=100), verbose=False)
2023-03-09 20:45:47,640:INFO:Determining model type
2023-03-09 20:45:47,640:INFO:model type: lda
2023-03-09 20:45:47,640:INFO:Checking exceptions
2023-03-09 20:45:47,640:INFO:Preloading libraries
2023-03-09 20:45:47,640:INFO:Preparing display monitor
2023-03-09 20:45:50,983:INFO:(6818, 14)
2023-03-09 20:45:50,983:INFO:assign_model() succesfully completed......................................
2023-03-09 20:45:50,985:INFO:SubProcess assign_model() end ==================================
2023-03-09 20:45:51,125:INFO:Rendering Visual
2023-03-09 20:45:51,229:INFO:Visual Rendered Successfully
2023-03-09 20:45:51,229:INFO:plot_model() succesfully completed......................................
2023-03-09 20:46:14,676:INFO:Initializing plot_model()
2023-03-09 20:46:14,676:INFO:plot_model(model=LdaModel(num_terms=12211, num_topics=4, decay=0.5, chunksize=100), plot=wordcloud, topic_num=Topic 0, save=False, system=True)
2023-03-09 20:46:14,677:INFO:Checking exceptions
2023-03-09 20:46:14,677:INFO:Importing libraries
2023-03-09 20:46:14,702:INFO:save_param set to False
2023-03-09 20:46:14,702:INFO:plot type: wordcloud
2023-03-09 20:46:14,702:INFO:SubProcess assign_model() called ==================================
2023-03-09 20:46:14,703:INFO:Initializing assign_model()
2023-03-09 20:46:14,703:INFO:assign_model(model=LdaModel(num_terms=12211, num_topics=4, decay=0.5, chunksize=100), verbose=False)
2023-03-09 20:46:14,703:INFO:Determining model type
2023-03-09 20:46:14,703:INFO:model type: lda
2023-03-09 20:46:14,703:INFO:Checking exceptions
2023-03-09 20:46:14,703:INFO:Preloading libraries
2023-03-09 20:46:14,703:INFO:Preparing display monitor
2023-03-09 20:46:17,502:INFO:(6818, 14)
2023-03-09 20:46:17,502:INFO:assign_model() succesfully completed......................................
2023-03-09 20:46:17,503:INFO:SubProcess assign_model() end ==================================
2023-03-09 20:46:17,505:INFO:Fitting WordCloud()
2023-03-09 20:46:18,827:INFO:Rendering Visual
2023-03-09 20:46:18,953:INFO:Visual Rendered Successfully
2023-03-09 20:46:18,953:INFO:plot_model() succesfully completed......................................
2023-03-09 20:46:48,068:INFO:Initializing assign_model()
2023-03-09 20:46:48,068:INFO:assign_model(model=LdaModel(num_terms=12211, num_topics=4, decay=0.5, chunksize=100), verbose=True)
2023-03-09 20:46:48,068:INFO:Determining model type
2023-03-09 20:46:48,068:INFO:model type: lda
2023-03-09 20:46:48,068:INFO:Checking exceptions
2023-03-09 20:46:48,068:INFO:Preloading libraries
2023-03-09 20:46:48,068:INFO:Preparing display monitor
2023-03-09 20:46:52,102:INFO:(6818, 14)
2023-03-09 20:46:52,102:INFO:assign_model() succesfully completed......................................
